<?xml version="1.0" encoding="UTF-8"?>
<testsuite name="com.example.demo.DemoApplicationTests" tests="1" skipped="0" failures="0" errors="0" timestamp="2024-10-22T09:56:43" hostname="ACER7" time="0.626">
  <properties/>
  <testcase name="contextLoads()" classname="com.example.demo.DemoApplicationTests" time="0.626"/>
  <system-out><![CDATA[15:26:35.943 [Test worker] INFO org.springframework.test.context.support.AnnotationConfigContextLoaderUtils -- Could not detect default configuration classes for test class [com.example.demo.DemoApplicationTests]: DemoApplicationTests does not declare any static, non-private, non-final, nested classes annotated with @Configuration.
15:26:36.065 [Test worker] INFO org.springframework.boot.test.context.SpringBootTestContextBootstrapper -- Found @SpringBootConfiguration com.example.demo.DemoApplication for test class com.example.demo.DemoApplicationTests

  .   ____          _            __ _ _
 /\\ / ___'_ __ _ _(_)_ __  __ _ \ \ \ \
( ( )\___ | '_ | '_| | '_ \/ _` | \ \ \ \
 \\/  ___)| |_)| | | | | || (_| |  ) ) ) )
  '  |____| .__|_| |_|_| |_\__, | / / / /
 =========|_|==============|___/=/_/_/_/
 :: Spring Boot ::                (v3.2.8)

2024-10-22T15:26:36.495+05:30  INFO 24092 --- [demo] [    Test worker] com.example.demo.DemoApplicationTests    : Starting DemoApplicationTests using Java 17.0.9 with PID 24092 (started by shiva in C:\Users\shiva\IdeaProjects\demo)
2024-10-22T15:26:36.497+05:30  INFO 24092 --- [demo] [    Test worker] com.example.demo.DemoApplicationTests    : No active profile set, falling back to 1 default profile: "default"
2024-10-22T15:26:37.720+05:30  INFO 24092 --- [demo] [    Test worker] .s.d.r.c.RepositoryConfigurationDelegate : Bootstrapping Spring Data JPA repositories in DEFAULT mode.
2024-10-22T15:26:37.801+05:30  INFO 24092 --- [demo] [    Test worker] .s.d.r.c.RepositoryConfigurationDelegate : Finished Spring Data repository scanning in 73 ms. Found 8 JPA repository interfaces.
2024-10-22T15:26:38.132+05:30  WARN 24092 --- [demo] [    Test worker] trationDelegate$BeanPostProcessorChecker : Bean 'org.springframework.ws.config.annotation.DelegatingWsConfiguration' of type [org.springframework.ws.config.annotation.DelegatingWsConfiguration$$SpringCGLIB$$0] is not eligible for getting processed by all BeanPostProcessors (for example: not eligible for auto-proxying). The currently created BeanPostProcessor [annotationActionEndpointMapping] is declared through a non-static factory method on that class; consider declaring it as static instead.
2024-10-22T15:26:38.175+05:30  INFO 24092 --- [demo] [    Test worker] .w.s.a.s.AnnotationActionEndpointMapping : Supporting [WS-Addressing August 2004, WS-Addressing 1.0]
2024-10-22T15:26:38.373+05:30  INFO 24092 --- [demo] [    Test worker] o.hibernate.jpa.internal.util.LogHelper  : HHH000204: Processing PersistenceUnitInfo [name: default]
2024-10-22T15:26:38.435+05:30  INFO 24092 --- [demo] [    Test worker] org.hibernate.Version                    : HHH000412: Hibernate ORM core version 6.4.9.Final
2024-10-22T15:26:38.469+05:30  INFO 24092 --- [demo] [    Test worker] o.h.c.internal.RegionFactoryInitiator    : HHH000026: Second-level cache disabled
2024-10-22T15:26:38.725+05:30  INFO 24092 --- [demo] [    Test worker] o.s.o.j.p.SpringPersistenceUnitInfo      : No LoadTimeWeaver setup: ignoring JPA class transformer
2024-10-22T15:26:38.751+05:30  INFO 24092 --- [demo] [    Test worker] com.zaxxer.hikari.HikariDataSource       : SpringBootJPAHikariCP - Starting...
2024-10-22T15:26:40.205+05:30  INFO 24092 --- [demo] [    Test worker] com.zaxxer.hikari.pool.HikariPool        : SpringBootJPAHikariCP - Added connection com.mysql.cj.jdbc.ConnectionImpl@32a4ea4e
2024-10-22T15:26:40.212+05:30  INFO 24092 --- [demo] [    Test worker] com.zaxxer.hikari.HikariDataSource       : SpringBootJPAHikariCP - Start completed.
2024-10-22T15:26:40.551+05:30  WARN 24092 --- [demo] [    Test worker] org.hibernate.orm.deprecation            : HHH90000025: MySQL8Dialect does not need to be specified explicitly using 'hibernate.dialect' (remove the property setting and it will be selected by default)
2024-10-22T15:26:40.553+05:30  WARN 24092 --- [demo] [    Test worker] org.hibernate.orm.deprecation            : HHH90000026: MySQL8Dialect has been deprecated; use org.hibernate.dialect.MySQLDialect instead
2024-10-22T15:26:41.430+05:30  INFO 24092 --- [demo] [    Test worker] o.h.e.t.j.p.i.JtaPlatformInitiator       : HHH000489: No JTA platform available (set 'hibernate.transaction.jta.platform' to enable JTA platform integration)
2024-10-22T15:26:41.935+05:30  INFO 24092 --- [demo] [    Test worker] j.LocalContainerEntityManagerFactoryBean : Initialized JPA EntityManagerFactory for persistence unit 'default'
2024-10-22T15:26:42.286+05:30  WARN 24092 --- [demo] [    Test worker] JpaBaseConfiguration$JpaWebConfiguration : spring.jpa.open-in-view is enabled by default. Therefore, database queries may be performed during view rendering. Explicitly configure spring.jpa.open-in-view to disable this warning
2024-10-22T15:26:42.483+05:30  INFO 24092 --- [demo] [    Test worker] o.s.d.j.r.query.QueryEnhancerFactory     : Hibernate is in classpath; If applicable, HQL parser will be used.
2024-10-22T15:26:43.043+05:30  INFO 24092 --- [demo] [    Test worker] o.s.s.web.DefaultSecurityFilterChain     : Will secure any request with [org.springframework.security.web.session.DisableEncodeUrlFilter@5bc150e9, org.springframework.security.web.context.request.async.WebAsyncManagerIntegrationFilter@28fa0ff8, org.springframework.security.web.context.SecurityContextHolderFilter@5e834f3a, org.springframework.security.web.header.HeaderWriterFilter@37d12d0e, org.springframework.security.web.authentication.logout.LogoutFilter@79dd79eb, com.example.demo.jwt.JWTAuthenticationFilter@59172d2, org.springframework.security.web.savedrequest.RequestCacheAwareFilter@57ce8f63, org.springframework.security.web.servletapi.SecurityContextHolderAwareRequestFilter@497ccf3, org.springframework.security.web.authentication.AnonymousAuthenticationFilter@726e780a, org.springframework.security.web.session.SessionManagementFilter@640c2749, org.springframework.security.web.access.ExceptionTranslationFilter@25777ab6, org.springframework.security.web.access.intercept.AuthorizationFilter@a6f34f5]
2024-10-22T15:26:43.396+05:30  INFO 24092 --- [demo] [    Test worker] com.example.demo.DemoApplicationTests    : Started DemoApplicationTests in 7.183 seconds (process running for 8.344)
]]></system-out>
  <system-err><![CDATA[]]></system-err>
</testsuite>
